Arguments: 
  C:\Program Files\nodejs\node.exe C:\Program Files (x86)\Yarn\bin\yarn.js

PATH: 
  C:\Program Files\Git\mingw64\bin;C:\Program Files\Git\usr\bin;C:\Users\Administrator\bin;C:\Python27;C:\Python27\Scripts;C:\Program Files (x86)\Common Files\Oracle\Java\javapath;C:\windows\system32;C:\windows;C:\windows\System32\Wbem;C:\windows\System32\WindowsPowerShell\v1.0;C:\windows\System32\OpenSSH;C:\Program Files (x86)\NVIDIA Corporation\PhysX\Common;C:\Program Files\NVIDIA Corporation\NVIDIA NvDLISR;C:\Program Files\TortoiseSVN\bin;C:\Program Files\Git\cmd;C:\Program Files\Java\jdk1.8.0_231\bin;C:\Program Files\Java\jdk1.8.0_231\jre\bin;E:\dev\android\sdk\platform-tools;E:\dev\android\sdk\tools;C:\Program Files\TortoiseGit\bin;C:\ProgramData\chocolatey\bin;E:\dev\maven\apache-maven-3.3.9\bin;C:\Program Files (x86)\Yarn\bin;C:\VPN\bin;C:\Program Files\python;C:\Program Files\python\Scripts;D:\BtSoft\panel\script;C:\Program Files\Docker\Docker\resources\bin;C:\ProgramData\DockerDesktop\version-bin;C:\Program Files\MySQL\MySQL Utilities 1.6;C:\Program Files\nodejs;C:\Users\Administrator\AppData\Local\Microsoft\WindowsApps;C:\Users\Administrator\AppData\Local\Programs\Microsoft VS Code\bin;C:\Users\Administrator\AppData\Local\Yarn\bin;C:\Users\Administrator\AppData\Local\atom\bin;C:\Users\Administrator\AppData\Roaming\npm;%DevEco Studio%

Yarn version: 
  1.21.1

Node version: 
  12.13.0

Platform: 
  win32 x64

Trace: 
  Error: connect ETIMEDOUT 104.16.23.35:443
      at TCPConnectWrap.afterConnect [as oncomplete] (net.js:1128:14)

npm manifest: 
  {
    "name": "",
    "version": "1.0.0",
    "author": "reco_luan",
    "scripts": {
      "dev": "vuepress dev . --open --host \"localhost\"",
      "build": "vuepress build ."
    },
    "devDependencies": {
      "vuepress": "1.7.1",
      "vuepress-theme-reco": "1.6.1"
    },
    "description": ""
  }

yarn manifest: 
  No manifest

Lockfile: 
  No lockfile
